<?xml version="1.0" encoding="UTF-8"?>
<!-- Generated by org.testng.reporters.JUnitReportReporter -->
<testsuite hostname="DESKTOP-E6S6VMN" failures="0" tests="1" name="TestNg.ConfgurationAnnotations" time="0.013" errors="0" timestamp="2026-06-24T08:18:04 IST" skipped="0">
  <testcase classname="TestNg.ConfgurationAnnotations" name="demo" time="0.013">
    <system-out>
      <![CDATA[Test method is executed]]>
    </system-out>
  </testcase> <!-- demo -->
  <system-out>
    <![CDATA[Before Suite is executed
Before Test is executed
Before Class is executed
Before method is executed
Test method is executed
After Method is executed
After Class is executed
After Test is executed
After Suite is executed]]>
  </system-out>
</testsuite> <!-- TestNg.ConfgurationAnnotations -->
