<?xml version="1.0" encoding="UTF-8"?>
<!-- Generated by org.testng.reporters.JUnitReportReporter -->
<testsuite hostname="DESKTOP-E6S6VMN" failures="0" tests="3" name="TestNg.AnnotationAttributes" time="14.584" errors="0" timestamp="2026-06-24T10:44:29 IST" skipped="0">
  <testcase classname="TestNg.AnnotationAttributes" name="register" time="3.399">
    <system-out>
      <![CDATA[Welcome to register]]>
    </system-out>
  </testcase> <!-- register -->
  <testcase classname="TestNg.AnnotationAttributes" name="Welcome" time="5.684">
    <system-out>
      <![CDATA[Welcome to register]]>
    </system-out>
  </testcase> <!-- Welcome -->
  <testcase classname="TestNg.AnnotationAttributes" name="login" time="5.501">
    <system-out>
      <![CDATA[Welcome to login]]>
    </system-out>
  </testcase> <!-- login -->
  <system-out>
    <![CDATA[Welcome to register
Welcome to login
Welcome to register]]>
  </system-out>
</testsuite> <!-- TestNg.AnnotationAttributes -->
