<?xml version="1.0" encoding="UTF-8"?>
<!-- Generated by org.testng.reporters.JUnitReportReporter -->
<testsuite hostname="DESKTOP-E6S6VMN" failures="0" tests="1" name="TestNg.Lamborgini" time="5.688" errors="0" timestamp="2026-06-24T08:29:20 IST" skipped="0">
  <testcase classname="TestNg.Lamborgini" name="launch" time="5.688">
    <system-out>
      <![CDATA[lamborgini is launched]]>
    </system-out>
  </testcase> <!-- launch -->
  <system-out>
    <![CDATA[toyota is launched
BMW is launched
lamborgini is launched]]>
  </system-out>
</testsuite> <!-- TestNg.Lamborgini -->
