<?xml version="1.0" encoding="UTF-8"?>
<!-- Generated by org.testng.reporters.JUnitReportReporter -->
<testsuite hostname="DESKTOP-E6S6VMN" failures="0" tests="1" name="Assertion.ToLearnHardAssert" time="54.565" errors="0" timestamp="2026-06-26T20:10:04 IST" skipped="0">
  <testcase classname="Assertion.ToLearnHardAssert" name="login" time="54.565">
    <system-out>
      <![CDATA[Login page is displayed
Home page is displayed
Home page is displayed]]>
    </system-out>
  </testcase> <!-- login -->
  <system-out>
    <![CDATA[Login page is displayed
Home page is displayed
Home page is displayed]]>
  </system-out>
</testsuite> <!-- Assertion.ToLearnHardAssert -->
